[debug] [2026-03-04T18:14:03.660Z] ----------------------------------------------------------------------
[debug] [2026-03-04T18:14:03.663Z] Command:       C:\Program Files\nodejs\node.exe C:\Users\aloft\AppData\Roaming\npm\node_modules\firebase-tools\lib\bin\firebase.js deploy --only firestore:rules
[debug] [2026-03-04T18:14:03.664Z] CLI Version:   14.11.2
[debug] [2026-03-04T18:14:03.664Z] Platform:      win32
[debug] [2026-03-04T18:14:03.664Z] Node Version:  v22.15.0
[debug] [2026-03-04T18:14:03.665Z] Time:          Wed Mar 04 2026 12:14:03 GMT-0600 (Central Standard Time)
[debug] [2026-03-04T18:14:03.665Z] ----------------------------------------------------------------------
[debug] 
[debug] [2026-03-04T18:14:03.880Z] > command requires scopes: ["email","openid","https://www.googleapis.com/auth/cloudplatformprojects.readonly","https://www.googleapis.com/auth/firebase","https://www.googleapis.com/auth/cloud-platform"]
[debug] [2026-03-04T18:14:03.881Z] > authorizing via signed-in user (andrew@houseofkna.com)
[debug] [2026-03-04T18:14:03.881Z] [iam] checking project putnam-county-home-show-130cb for permissions ["datastore.indexes.create","datastore.indexes.delete","datastore.indexes.list","datastore.indexes.update","firebase.projects.get"]
[debug] [2026-03-04T18:14:03.883Z] Checked if tokens are valid: false, expires at: 1772568092500
[debug] [2026-03-04T18:14:03.883Z] Checked if tokens are valid: false, expires at: 1772568092500
[debug] [2026-03-04T18:14:03.884Z] > refreshing access token with scopes: []
[debug] [2026-03-04T18:14:03.886Z] >>> [apiv2][query] POST https://www.googleapis.com/oauth2/v3/token [none]
[debug] [2026-03-04T18:14:03.886Z] >>> [apiv2][body] POST https://www.googleapis.com/oauth2/v3/token [omitted]
[debug] [2026-03-04T18:14:04.275Z] <<< [apiv2][status] POST https://www.googleapis.com/oauth2/v3/token 400
[debug] [2026-03-04T18:14:04.275Z] <<< [apiv2][body] POST https://www.googleapis.com/oauth2/v3/token [omitted]
[error] Authentication Error: Your credentials are no longer valid. Please run firebase login --reauth

For CI servers and headless environments, generate a new token with firebase login:ci
[error] Authentication Error: Your credentials are no longer valid. Please run firebase login --reauth

For CI servers and headless environments, generate a new token with firebase login:ci
[debug] [2026-03-04T18:14:04.276Z] [iam] error while checking permissions, command may fail: Authentication Error: Your credentials are no longer valid. Please run firebase login --reauth

For CI servers and headless environments, generate a new token with firebase login:ci
[info] 
[info] === Deploying to 'putnam-county-home-show-130cb'...
[info] 
[info] i  deploying firestore 
[info] i  firestore: reading indexes from firestore.indexes.json... 
[info] i  cloud.firestore: checking firestore.rules for compilation errors... 
[debug] [2026-03-04T18:14:04.280Z] Checked if tokens are valid: false, expires at: 1772568092500
[debug] [2026-03-04T18:14:04.280Z] Checked if tokens are valid: false, expires at: 1772568092500
[debug] [2026-03-04T18:14:04.280Z] > refreshing access token with scopes: []
[debug] [2026-03-04T18:14:04.280Z] >>> [apiv2][query] POST https://www.googleapis.com/oauth2/v3/token [none]
[debug] [2026-03-04T18:14:04.280Z] >>> [apiv2][body] POST https://www.googleapis.com/oauth2/v3/token [omitted]
[debug] [2026-03-04T18:14:04.416Z] <<< [apiv2][status] POST https://www.googleapis.com/oauth2/v3/token 400
[debug] [2026-03-04T18:14:04.416Z] <<< [apiv2][body] POST https://www.googleapis.com/oauth2/v3/token [omitted]
[error] Authentication Error: Your credentials are no longer valid. Please run firebase login --reauth

For CI servers and headless environments, generate a new token with firebase login:ci
[error] Authentication Error: Your credentials are no longer valid. Please run firebase login --reauth

For CI servers and headless environments, generate a new token with firebase login:ci
[error] 
[error] Error: Authentication Error: Your credentials are no longer valid. Please run firebase login --reauth

For CI servers and headless environments, generate a new token with firebase login:ci
